[INFO ] 2024-05-20 18:44:10.539 [main] BaseTest - Logged in to the website
[INFO ] 2024-05-20 18:44:11.659 [main] BaseTest - Quitting driver
[INFO ] 2024-05-20 18:44:18.406 [main] BaseTest - Logged in to the website
[INFO ] 2024-05-20 18:44:29.380 [main] BaseTest - Quitting driver
[INFO ] 2024-05-20 18:44:35.399 [main] BaseTest - Logged in to the website
[INFO ] 2024-05-20 18:44:36.070 [main] BaseTest - Quitting driver
[INFO ] 2024-05-20 18:44:41.027 [main] BaseTest - Logged in to the website
[INFO ] 2024-05-20 18:44:41.660 [main] BaseTest - Quitting driver
[INFO ] 2024-05-20 18:44:47.991 [main] BaseTest - Logged in to the website
[INFO ] 2024-05-20 18:44:48.510 [main] BaseTest - Quitting driver
[INFO ] 2024-05-20 18:44:55.714 [main] BaseTest - Logged in to the website
[INFO ] 2024-05-20 18:44:56.781 [main] BaseTest - Quitting driver
[INFO ] 2024-05-20 18:45:06.647 [main] BaseTest - Logged in to the website
[INFO ] 2024-05-20 18:45:07.334 [main] BaseTest - Quitting driver
[INFO ] 2024-05-20 18:45:18.136 [main] BaseTest - Logged in to the website
[INFO ] 2024-05-20 18:45:44.231 [main] BaseTest - Quitting driver
[INFO ] 2024-05-20 18:45:50.244 [main] BaseTest - Logged in to the website
[INFO ] 2024-05-20 18:45:50.917 [main] BaseTest - Quitting driver
[INFO ] 2024-05-20 18:45:56.742 [main] BaseTest - Logged in to the website
[INFO ] 2024-05-20 18:45:57.467 [main] BaseTest - Quitting driver
[INFO ] 2024-05-20 18:46:04.107 [main] BaseTest - Logged in to the website
[INFO ] 2024-05-20 18:46:04.747 [main] BaseTest - Quitting driver
[INFO ] 2024-05-20 18:46:07.515 [main] BaseTest - Logged in to the website
[INFO ] 2024-05-20 18:46:14.248 [main] BaseTest - Quitting driver
[INFO ] 2024-05-20 18:47:43.469 [main] BaseTest - Logged in to the website
[INFO ] 2024-05-20 18:47:43.773 [main] BaseTest - Quitting driver
[INFO ] 2024-05-20 18:47:50.439 [main] BaseTest - Logged in to the website
[INFO ] 2024-05-20 18:48:00.758 [main] BaseTest - Quitting driver
[INFO ] 2024-05-20 18:48:06.180 [main] BaseTest - Logged in to the website
[INFO ] 2024-05-20 18:48:06.312 [main] BaseTest - Quitting driver
[INFO ] 2024-05-20 18:48:11.860 [main] BaseTest - Logged in to the website
[INFO ] 2024-05-20 18:48:12.028 [main] BaseTest - Quitting driver
[INFO ] 2024-05-20 18:48:16.702 [main] BaseTest - Logged in to the website
[INFO ] 2024-05-20 18:48:16.846 [main] BaseTest - Quitting driver
[INFO ] 2024-05-20 18:48:23.618 [main] BaseTest - Logged in to the website
[INFO ] 2024-05-20 18:48:23.775 [main] BaseTest - Quitting driver
[INFO ] 2024-05-20 18:48:28.493 [main] BaseTest - Logged in to the website
[INFO ] 2024-05-20 18:48:28.653 [main] BaseTest - Quitting driver
[INFO ] 2024-05-20 18:48:34.658 [main] BaseTest - Logged in to the website
[INFO ] 2024-05-20 18:48:34.791 [main] BaseTest - Quitting driver
[INFO ] 2024-05-20 18:48:39.953 [main] BaseTest - Logged in to the website
[INFO ] 2024-05-20 18:48:50.404 [main] BaseTest - Quitting driver
[INFO ] 2024-05-20 18:48:55.658 [main] BaseTest - Logged in to the website
[INFO ] 2024-05-20 18:48:55.790 [main] BaseTest - Quitting driver
[INFO ] 2024-05-20 18:49:00.753 [main] BaseTest - Logged in to the website
[INFO ] 2024-05-20 18:49:00.885 [main] BaseTest - Quitting driver
[INFO ] 2024-05-20 18:49:06.002 [main] BaseTest - Logged in to the website
[INFO ] 2024-05-20 18:49:06.149 [main] BaseTest - Quitting driver
[INFO ] 2024-05-20 18:49:10.733 [main] BaseTest - Logged in to the website
[INFO ] 2024-05-20 18:49:13.340 [main] BaseTest - Quitting driver
[INFO ] 2024-05-20 18:49:18.517 [main] BaseTest - Logged in to the website
[INFO ] 2024-05-20 18:49:18.659 [main] BaseTest - Quitting driver
[INFO ] 2024-05-20 18:49:23.697 [main] BaseTest - Logged in to the website
[INFO ] 2024-05-20 18:49:23.828 [main] BaseTest - Quitting driver
[INFO ] 2024-05-20 19:22:10.370 [main] BaseTest - Logged in to the website
[INFO ] 2024-05-20 19:22:10.471 [main] DialogBox - test for dialog Box
[INFO ] 2024-05-20 19:22:20.578 [main] DialogBox - switched into iframe
[INFO ] 2024-05-20 19:22:20.776 [main] BaseTest - Quitting driver
[INFO ] 2024-05-20 19:22:28.577 [main] BaseTest - Logged in to the website
[INFO ] 2024-05-20 19:22:38.721 [main] AccordionsAndTabs - switched into iframe
[INFO ] 2024-05-20 19:22:38.722 [main] AccordionsAndTabs - test for Accordions
[INFO ] 2024-05-22 10:38:28.292 [main] BaseTest - Logged in to the website
[INFO ] 2024-05-22 10:38:28.492 [main] DialogBox - test for dialog Box
[INFO ] 2024-05-22 10:38:38.584 [main] DialogBox - switched into iframe
[INFO ] 2024-05-22 10:38:39.103 [main] BaseTest - Quitting driver
[INFO ] 2024-05-22 10:38:42.963 [main] BaseTest - Logged in to the website
[INFO ] 2024-05-22 10:38:55.883 [main] AccordionsAndTabs - switched into iframe
[INFO ] 2024-05-22 10:38:55.883 [main] AccordionsAndTabs - test for Accordions
[INFO ] 2024-05-22 10:39:21.152 [main] BaseTest - Quitting driver
[INFO ] 2024-05-22 10:39:26.679 [main] BaseTest - Logged in to the website
[INFO ] 2024-05-22 10:39:26.770 [main] DropDown - test for Dropdown
[INFO ] 2024-05-22 10:39:29.161 [main] DropDown - DropDown option selected
[INFO ] 2024-05-22 10:39:30.032 [main] DropDown - Assertion Applied
[INFO ] 2024-05-22 10:39:30.144 [main] BaseTest - Quitting driver
[INFO ] 2024-05-22 10:39:35.386 [main] BaseTest - Logged in to the website
[INFO ] 2024-05-22 10:39:35.453 [main] ProgressBar - Test for ProgressBar completion
[INFO ] 2024-05-22 10:40:16.358 [main] BaseTest - Quitting driver
[INFO ] 2024-05-22 10:40:21.022 [main] BaseTest - Logged in to the website
[INFO ] 2024-05-22 10:40:21.049 [main] ProgressBar - Test for ProgressBar Button
[INFO ] 2024-05-22 10:40:31.224 [main] ProgressBar - switched into iframe
[INFO ] 2024-05-22 10:40:31.572 [main] BaseTest - Quitting driver
[INFO ] 2024-05-22 10:40:37.930 [main] BaseTest - Logged in to the website
[INFO ] 2024-05-22 10:40:38.030 [main] Slider - test for slider
[INFO ] 2024-05-22 10:40:40.425 [main] BaseTest - Quitting driver
[INFO ] 2024-05-22 10:40:44.532 [main] BaseTest - Logged in to the website
[INFO ] 2024-05-22 10:40:44.600 [main] TabsAndWindows - test for switch to another tab
[INFO ] 2024-05-22 10:40:48.283 [main] BaseTest - Quitting driver
[INFO ] 2024-05-22 10:40:54.021 [main] BaseTest - Logged in to the website
[INFO ] 2024-05-22 10:40:54.106 [main] Tooltip - test for tooltip
[INFO ] 2024-05-22 10:40:57.036 [main] BaseTest - Quitting driver
[INFO ] 2024-05-22 10:41:03.418 [main] BaseTest - Logged in to the website
[INFO ] 2024-05-22 10:41:03.490 [main] SelectElements - test for Multiple element Selection
[INFO ] 2024-05-22 10:41:13.851 [main] BaseTest - Quitting driver
[INFO ] 2024-05-22 10:41:23.292 [main] BaseTest - Logged in to the website
[INFO ] 2024-05-22 10:41:23.373 [main] Spinner - test for Spinner
[INFO ] 2024-05-22 10:41:27.480 [main] BaseTest - Quitting driver
[INFO ] 2024-05-22 10:41:32.400 [main] BaseTest - Logged in to the website
[INFO ] 2024-05-22 10:41:32.446 [main] Sortable - test for Sorting
[INFO ] 2024-05-22 10:41:35.583 [main] BaseTest - Quitting driver
[INFO ] 2024-05-22 10:41:40.817 [main] BaseTest - Logged in to the website
[INFO ] 2024-05-22 10:41:41.076 [main] BaseTest - Quitting driver
[INFO ] 2024-05-22 10:41:45.849 [main] BaseTest - Logged in to the website
[INFO ] 2024-05-22 10:41:46.017 [main] BaseTest - Quitting driver
[INFO ] 2024-05-22 10:41:50.811 [main] BaseTest - Logged in to the website
[INFO ] 2024-05-22 10:41:50.970 [main] BaseTest - Quitting driver
[INFO ] 2024-05-22 10:41:56.110 [main] BaseTest - Logged in to the website
[INFO ] 2024-05-22 10:41:56.265 [main] BaseTest - Quitting driver
[INFO ] 2024-05-22 10:49:27.381 [main] BaseTest - Logged in to the website
[INFO ] 2024-05-22 10:49:27.530 [main] DialogBox - test for dialog Box
[INFO ] 2024-05-22 10:49:37.882 [main] DialogBox - switched into iframe
[INFO ] 2024-05-22 10:49:38.286 [main] BaseTest - Quitting driver
[INFO ] 2024-05-22 10:49:45.009 [main] BaseTest - Logged in to the website
[INFO ] 2024-05-22 10:49:55.324 [main] AccordionsAndTabs - switched into iframe
[INFO ] 2024-05-22 10:49:55.326 [main] AccordionsAndTabs - test for Accordions
[INFO ] 2024-05-22 10:50:20.613 [main] BaseTest - Quitting driver
[INFO ] 2024-05-22 10:50:26.172 [main] BaseTest - Logged in to the website
[INFO ] 2024-05-22 10:50:26.295 [main] DropDown - test for Dropdown
[INFO ] 2024-05-22 10:50:28.747 [main] DropDown - DropDown option selected
[INFO ] 2024-05-22 10:50:29.619 [main] DropDown - Assertion Applied
[INFO ] 2024-05-22 10:50:29.749 [main] BaseTest - Quitting driver
[INFO ] 2024-05-22 10:50:36.937 [main] BaseTest - Logged in to the website
[INFO ] 2024-05-22 10:50:36.968 [main] ProgressBar - Test for ProgressBar completion
[INFO ] 2024-05-22 10:51:17.940 [main] BaseTest - Quitting driver
[INFO ] 2024-05-22 10:51:23.950 [main] BaseTest - Logged in to the website
[INFO ] 2024-05-22 10:51:23.980 [main] ProgressBar - Test for ProgressBar Button
[INFO ] 2024-05-22 10:51:34.181 [main] ProgressBar - switched into iframe
[INFO ] 2024-05-22 10:51:34.772 [main] BaseTest - Quitting driver
[INFO ] 2024-05-22 10:51:39.894 [main] BaseTest - Logged in to the website
[INFO ] 2024-05-22 10:51:39.958 [main] Slider - test for slider
[INFO ] 2024-05-22 10:51:42.298 [main] BaseTest - Quitting driver
[INFO ] 2024-05-22 10:51:48.065 [main] BaseTest - Logged in to the website
[INFO ] 2024-05-22 10:51:48.101 [main] TabsAndWindows - test for switch to another tab
[INFO ] 2024-05-22 10:51:51.546 [main] BaseTest - Quitting driver
[INFO ] 2024-05-22 10:51:57.471 [main] BaseTest - Logged in to the website
[INFO ] 2024-05-22 10:51:57.516 [main] Tooltip - test for tooltip
[INFO ] 2024-05-22 10:52:00.774 [main] BaseTest - Quitting driver
[INFO ] 2024-05-22 10:52:07.385 [main] BaseTest - Logged in to the website
[INFO ] 2024-05-22 10:52:07.483 [main] SelectElements - test for Multiple element Selection
[INFO ] 2024-05-22 10:52:18.119 [main] BaseTest - Quitting driver
[INFO ] 2024-05-22 10:52:38.278 [main] BaseTest - Logged in to the website
[INFO ] 2024-05-22 10:52:38.325 [main] Spinner - test for Spinner
[INFO ] 2024-05-22 10:52:42.280 [main] BaseTest - Quitting driver
[INFO ] 2024-05-22 10:52:46.163 [main] BaseTest - Logged in to the website
[INFO ] 2024-05-22 10:52:48.332 [main] Sortable - test for Sorting
[INFO ] 2024-05-22 10:52:51.494 [main] BaseTest - Quitting driver
[INFO ] 2024-05-22 10:52:58.197 [main] BaseTest - Logged in to the website
[INFO ] 2024-05-22 10:52:58.231 [main] Toolbar - test for toolbar print button
[INFO ] 2024-05-22 10:52:58.766 [main] BaseTest - Quitting driver
[INFO ] 2024-05-22 10:53:03.905 [main] BaseTest - Logged in to the website
[INFO ] 2024-05-22 10:53:03.940 [main] Toolbar - test for toolbar Redo button
[INFO ] 2024-05-22 10:53:04.499 [main] BaseTest - Quitting driver
[INFO ] 2024-05-22 10:53:11.947 [main] BaseTest - Logged in to the website
[INFO ] 2024-05-22 10:53:11.982 [main] Toolbar - test for toolbar Undo button
[INFO ] 2024-05-22 10:53:12.458 [main] BaseTest - Quitting driver
[INFO ] 2024-05-22 10:53:16.439 [main] BaseTest - Logged in to the website
[INFO ] 2024-05-22 10:53:16.477 [main] Toolbar - test for toolbar zoom dropdown
[INFO ] 2024-05-22 10:53:21.713 [main] BaseTest - Quitting driver
[INFO ] 2024-05-22 11:52:44.620 [main] BaseTest - Logged in to the website
[INFO ] 2024-05-22 11:52:44.935 [main] Datepicker - test for datepicker
[INFO ] 2024-05-22 11:52:45.599 [main] BaseTest - Quitting driver
[INFO ] 2024-05-22 11:56:49.779 [main] BaseTest - Logged in to the website
[INFO ] 2024-05-22 11:56:50.152 [main] Datepicker - test for datepicker
[INFO ] 2024-05-22 11:56:50.899 [main] BaseTest - Quitting driver
[INFO ] 2024-05-22 11:58:07.948 [main] BaseTest - Logged in to the website
[INFO ] 2024-05-22 11:58:08.265 [main] Datepicker - test for datepicker
[INFO ] 2024-05-22 11:58:09.949 [main] BaseTest - Quitting driver
[INFO ] 2024-05-22 11:59:10.138 [main] BaseTest - Logged in to the website
[INFO ] 2024-05-22 11:59:10.503 [main] Datepicker - test for datepicker
[INFO ] 2024-05-22 11:59:11.638 [main] BaseTest - Quitting driver
[INFO ] 2024-05-22 12:00:18.389 [main] BaseTest - Logged in to the website
[INFO ] 2024-05-22 12:00:18.743 [main] Datepicker - test for datepicker
[INFO ] 2024-05-22 12:00:20.591 [main] BaseTest - Quitting driver
[INFO ] 2024-05-22 12:02:53.785 [main] BaseTest - Logged in to the website
[INFO ] 2024-05-22 12:02:54.215 [main] Datepicker - test for datepicker
[INFO ] 2024-05-22 12:02:58.108 [main] BaseTest - Quitting driver
[INFO ] 2024-05-22 12:12:14.581 [main] BaseTest - Logged in to the website
[INFO ] 2024-05-22 12:12:15.058 [main] Datepicker - test for datepicker
[INFO ] 2024-05-22 12:12:17.469 [main] BaseTest - Quitting driver
[INFO ] 2024-05-22 12:13:08.738 [main] BaseTest - Logged in to the website
[INFO ] 2024-05-22 12:13:09.198 [main] Datepicker - test for datepicker
[INFO ] 2024-05-22 12:13:22.273 [main] BaseTest - Quitting driver
[INFO ] 2024-05-22 12:31:02.107 [main] BaseTest - Logged in to the website
[INFO ] 2024-05-22 12:31:02.427 [main] Datepicker - test for datepicker
[INFO ] 2024-05-22 12:31:22.325 [main] BaseTest - Quitting driver
[INFO ] 2024-05-22 12:31:48.183 [main] BaseTest - Logged in to the website
[INFO ] 2024-05-22 12:31:48.626 [main] Datepicker - test for datepicker
[INFO ] 2024-05-22 12:32:03.353 [main] BaseTest - Quitting driver
[INFO ] 2024-05-22 12:44:13.410 [main] BaseTest - Logged in to the website
[INFO ] 2024-05-22 12:44:13.871 [main] Datepicker - test for datepicker
[INFO ] 2024-05-22 12:44:22.465 [main] BaseTest - Quitting driver
[INFO ] 2024-05-22 12:46:26.245 [main] BaseTest - Logged in to the website
[INFO ] 2024-05-22 12:46:26.551 [main] Datepicker - test for datepicker
[INFO ] 2024-05-22 12:46:37.003 [main] BaseTest - Quitting driver
[INFO ] 2024-05-22 14:36:25.011 [main] BaseTest - Logged in to the website
[INFO ] 2024-05-22 14:36:25.369 [main] DragAndDrop - test for drag And Drop
[INFO ] 2024-05-22 14:36:26.175 [main] BaseTest - Quitting driver
[INFO ] 2024-05-22 14:37:22.328 [main] BaseTest - Logged in to the website
[INFO ] 2024-05-22 14:37:22.611 [main] DragAndDrop - test for drag And Drop
[INFO ] 2024-05-22 14:37:28.252 [main] BaseTest - Quitting driver
[INFO ] 2024-05-22 14:41:09.859 [main] BaseTest - Logged in to the website
[INFO ] 2024-05-22 14:41:10.215 [main] DragAndDrop - test for drag And Drop
[INFO ] 2024-05-22 14:41:15.328 [main] BaseTest - Quitting driver
[INFO ] 2024-05-22 14:41:44.457 [main] BaseTest - Logged in to the website
[INFO ] 2024-05-22 14:41:44.666 [main] DragAndDrop - test for drag And Drop
[INFO ] 2024-05-22 14:41:49.651 [main] BaseTest - Quitting driver
[INFO ] 2024-05-22 14:45:10.167 [main] BaseTest - Logged in to the website
[INFO ] 2024-05-22 14:45:10.432 [main] DragAndDrop - test for drag And Drop
[INFO ] 2024-05-22 14:45:15.471 [main] BaseTest - Quitting driver
[INFO ] 2024-05-22 14:46:52.389 [main] BaseTest - Logged in to the website
[INFO ] 2024-05-22 14:46:52.678 [main] DragAndDrop - test for drag And Drop
[INFO ] 2024-05-22 14:46:57.695 [main] BaseTest - Quitting driver
[INFO ] 2024-05-22 15:05:40.747 [main] BaseTest - Logged in to the website
[INFO ] 2024-05-22 15:05:41.000 [main] DragAndDrop - test for first element to  drag And Drop
[INFO ] 2024-05-22 15:05:41.615 [main] DragAndDrop - test for second element to drag And Drop
[INFO ] 2024-05-22 15:05:47.615 [main] BaseTest - Quitting driver
[INFO ] 2024-05-22 15:05:55.229 [main] BaseTest - Logged in to the website
[INFO ] 2024-05-22 15:05:55.364 [main] DragAndDrop - test for second element to drag And Drop
[INFO ] 2024-05-22 15:05:56.509 [main] BaseTest - Quitting driver
[INFO ] 2024-05-22 15:06:02.898 [main] BaseTest - Logged in to the website
[INFO ] 2024-05-22 15:06:03.102 [main] DragAndDrop - test for second element to drag And Drop
[INFO ] 2024-05-22 15:06:04.106 [main] BaseTest - Quitting driver
[INFO ] 2024-05-22 15:06:10.480 [main] BaseTest - Logged in to the website
[INFO ] 2024-05-22 15:06:10.629 [main] DragAndDrop - test for first element to  drag And Drop
[INFO ] 2024-05-22 15:06:11.667 [main] BaseTest - Quitting driver
[INFO ] 2024-05-22 15:06:17.644 [main] BaseTest - Logged in to the website
[INFO ] 2024-05-22 15:06:17.924 [main] DragAndDrop - test for second element to drag And Drop
[INFO ] 2024-05-22 15:06:18.996 [main] BaseTest - Quitting driver
[INFO ] 2024-05-22 15:11:43.871 [main] BaseTest - Logged in to the website
[INFO ] 2024-05-22 15:11:44.572 [main] DragAndDrop - test for second element to drag And Drop
[INFO ] 2024-05-22 15:12:02.174 [main] BaseTest - Quitting driver
[INFO ] 2024-05-22 15:12:08.121 [main] BaseTest - Logged in to the website
[INFO ] 2024-05-22 15:12:08.344 [main] DragAndDrop - test for second element to drag And Drop
[INFO ] 2024-05-22 15:12:09.830 [main] BaseTest - Quitting driver
[INFO ] 2024-05-22 15:12:15.581 [main] BaseTest - Logged in to the website
[INFO ] 2024-05-22 15:12:15.697 [main] DragAndDrop - test for second element to drag And Drop
[INFO ] 2024-05-22 15:12:17.112 [main] BaseTest - Quitting driver
[INFO ] 2024-05-22 15:12:24.806 [main] BaseTest - Logged in to the website
[INFO ] 2024-05-22 15:12:24.928 [main] DragAndDrop - test for first element to  drag And Drop
[INFO ] 2024-05-22 15:12:26.040 [main] BaseTest - Quitting driver
[INFO ] 2024-05-22 15:12:32.323 [main] BaseTest - Logged in to the website
[INFO ] 2024-05-22 15:12:32.523 [main] DragAndDrop - test for second element to drag And Drop
[INFO ] 2024-05-22 15:12:33.864 [main] BaseTest - Quitting driver
[INFO ] 2024-05-22 15:13:32.208 [main] BaseTest - Logged in to the website
[INFO ] 2024-05-22 15:13:32.515 [main] DragAndDrop - test for second element to drag And Drop
[INFO ] 2024-05-22 15:13:49.539 [main] BaseTest - Quitting driver
[INFO ] 2024-05-22 15:18:01.128 [main] BaseTest - Logged in to the website
[INFO ] 2024-05-22 15:18:01.502 [main] DragAndDrop - test for second element to drag And Drop
[INFO ] 2024-05-22 15:18:23.070 [main] BaseTest - Quitting driver
[INFO ] 2024-05-22 15:18:30.896 [main] BaseTest - Logged in to the website
[INFO ] 2024-05-22 15:18:31.018 [main] DragAndDrop - test for second element to drag And Drop
[INFO ] 2024-05-22 15:18:32.051 [main] BaseTest - Quitting driver
[INFO ] 2024-05-22 15:19:09.061 [main] BaseTest - Logged in to the website
[INFO ] 2024-05-22 15:19:09.344 [main] DragAndDrop - test for second element to drag And Drop
[INFO ] 2024-05-22 15:19:27.852 [main] BaseTest - Quitting driver
[INFO ] 2024-05-22 15:19:34.076 [main] BaseTest - Logged in to the website
[INFO ] 2024-05-22 15:19:34.197 [main] DragAndDrop - test for second element to drag And Drop
[INFO ] 2024-05-22 15:19:35.627 [main] BaseTest - Quitting driver
[INFO ] 2024-05-22 15:20:29.681 [main] BaseTest - Logged in to the website
[INFO ] 2024-05-22 15:20:29.991 [main] DragAndDrop - test for second element to drag And Drop
[INFO ] 2024-05-22 15:20:33.862 [main] BaseTest - Quitting driver
[INFO ] 2024-05-22 15:20:40.150 [main] BaseTest - Logged in to the website
[INFO ] 2024-05-22 15:20:40.356 [main] DragAndDrop - test for second element to drag And Drop
[INFO ] 2024-05-22 15:20:41.422 [main] BaseTest - Quitting driver
[INFO ] 2024-05-22 15:20:49.113 [main] BaseTest - Logged in to the website
[INFO ] 2024-05-22 15:20:49.233 [main] DragAndDrop - test for second element to drag And Drop
[INFO ] 2024-05-22 15:20:50.345 [main] BaseTest - Quitting driver
[INFO ] 2024-05-22 15:20:57.387 [main] BaseTest - Logged in to the website
[INFO ] 2024-05-22 15:20:57.564 [main] DragAndDrop - test for first element to  drag And Drop
[INFO ] 2024-05-22 15:20:58.566 [main] BaseTest - Quitting driver
[INFO ] 2024-05-22 15:21:06.969 [main] BaseTest - Logged in to the website
[INFO ] 2024-05-22 15:21:07.083 [main] DragAndDrop - test for second element to drag And Drop
[INFO ] 2024-05-22 15:21:08.133 [main] BaseTest - Quitting driver
[INFO ] 2024-05-22 15:29:21.148 [main] BaseTest - Logged in to the website
[INFO ] 2024-05-22 15:29:21.447 [main] DragAndDrop - test for second element to drag And Drop
[INFO ] 2024-05-22 15:29:26.949 [main] BaseTest - Quitting driver
[INFO ] 2024-05-22 15:29:34.565 [main] BaseTest - Logged in to the website
[INFO ] 2024-05-22 15:29:34.691 [main] DragAndDrop - test for second element to drag And Drop
[INFO ] 2024-05-22 15:29:35.839 [main] BaseTest - Quitting driver
[INFO ] 2024-05-22 15:29:45.231 [main] BaseTest - Logged in to the website
[INFO ] 2024-05-22 15:29:45.382 [main] DragAndDrop - test for second element to drag And Drop
[INFO ] 2024-05-22 15:29:46.433 [main] BaseTest - Quitting driver
[INFO ] 2024-05-22 15:30:44.873 [main] BaseTest - Logged in to the website
[INFO ] 2024-05-22 15:30:45.238 [main] DragAndDrop - test for second element to drag And Drop
[INFO ] 2024-05-22 15:30:51.622 [main] BaseTest - Quitting driver
[INFO ] 2024-05-22 15:30:57.412 [main] BaseTest - Logged in to the website
[INFO ] 2024-05-22 15:30:57.623 [main] DragAndDrop - test for second element to drag And Drop
[INFO ] 2024-05-22 15:30:59.169 [main] BaseTest - Quitting driver
[INFO ] 2024-05-22 15:31:06.761 [main] BaseTest - Logged in to the website
[INFO ] 2024-05-22 15:31:07.012 [main] DragAndDrop - test for second element to drag And Drop
[INFO ] 2024-05-22 15:31:08.155 [main] BaseTest - Quitting driver
[INFO ] 2024-05-22 15:31:14.182 [main] BaseTest - Logged in to the website
[INFO ] 2024-05-22 15:31:14.328 [main] DragAndDrop - test for first element to  drag And Drop
[INFO ] 2024-05-22 15:31:15.501 [main] BaseTest - Quitting driver
[INFO ] 2024-05-22 15:31:22.522 [main] BaseTest - Logged in to the website
[INFO ] 2024-05-22 15:31:22.805 [main] DragAndDrop - test for second element to drag And Drop
[INFO ] 2024-05-22 15:31:23.937 [main] BaseTest - Quitting driver
[INFO ] 2024-05-22 15:33:29.421 [main] BaseTest - Logged in to the website
[INFO ] 2024-05-22 15:33:29.600 [main] DragAndDrop - test for second element to drag And Drop
[INFO ] 2024-05-22 15:33:36.998 [main] BaseTest - Quitting driver
[INFO ] 2024-05-22 15:33:44.634 [main] BaseTest - Logged in to the website
[INFO ] 2024-05-22 15:33:44.819 [main] DragAndDrop - test for second element to drag And Drop
[INFO ] 2024-05-22 15:33:45.864 [main] BaseTest - Quitting driver
[INFO ] 2024-05-22 15:33:48.697 [main] BaseTest - Logged in to the website
[INFO ] 2024-05-22 15:33:52.083 [main] DragAndDrop - test for second element to drag And Drop
[INFO ] 2024-05-22 15:33:53.021 [main] BaseTest - Quitting driver
[INFO ] 2024-05-22 15:33:57.797 [main] BaseTest - Logged in to the website
[INFO ] 2024-05-22 15:33:58.050 [main] DragAndDrop - test for first element to  drag And Drop
[INFO ] 2024-05-22 15:34:01.111 [main] BaseTest - Quitting driver
[INFO ] 2024-05-22 15:34:08.349 [main] BaseTest - Logged in to the website
[INFO ] 2024-05-22 15:34:08.469 [main] DragAndDrop - test for second element to drag And Drop
[INFO ] 2024-05-22 15:34:09.405 [main] BaseTest - Quitting driver
[INFO ] 2024-05-22 15:36:29.612 [main] BaseTest - Logged in to the website
[INFO ] 2024-05-22 15:36:29.907 [main] DragAndDrop - test for second element to drag And Drop
[INFO ] 2024-05-22 15:36:35.143 [main] BaseTest - Quitting driver
[INFO ] 2024-05-22 15:36:42.268 [main] BaseTest - Logged in to the website
[INFO ] 2024-05-22 15:36:42.413 [main] DragAndDrop - test for second element to drag And Drop
[INFO ] 2024-05-22 15:36:44.017 [main] BaseTest - Quitting driver
[INFO ] 2024-05-22 15:36:50.788 [main] BaseTest - Logged in to the website
[INFO ] 2024-05-22 15:36:50.911 [main] DragAndDrop - test for second element to drag And Drop
[INFO ] 2024-05-22 15:36:52.061 [main] BaseTest - Quitting driver
[INFO ] 2024-05-22 15:44:00.473 [main] BaseTest - Logged in to the website
[INFO ] 2024-05-22 15:44:00.725 [main] DragAndDrop - test for second element to drag And Drop
[INFO ] 2024-05-22 15:44:06.085 [main] BaseTest - Quitting driver
[INFO ] 2024-05-22 15:46:06.064 [main] BaseTest - Logged in to the website
[INFO ] 2024-05-22 15:46:06.348 [main] DragAndDrop - test for second element to drag And Drop
[INFO ] 2024-05-22 15:46:10.419 [main] BaseTest - Quitting driver
[INFO ] 2024-05-22 15:46:14.920 [main] BaseTest - Logged in to the website
[INFO ] 2024-05-22 15:46:15.171 [main] DragAndDrop - test for second element to drag And Drop
[INFO ] 2024-05-22 15:46:17.922 [main] BaseTest - Quitting driver
[INFO ] 2024-05-22 15:46:24.470 [main] BaseTest - Logged in to the website
[INFO ] 2024-05-22 15:46:24.665 [main] DragAndDrop - test for second element to drag And Drop
[INFO ] 2024-05-22 15:46:25.983 [main] BaseTest - Quitting driver
[INFO ] 2024-05-22 15:46:31.829 [main] BaseTest - Logged in to the website
[INFO ] 2024-05-22 15:46:31.995 [main] DragAndDrop - test for first element to  drag And Drop
[INFO ] 2024-05-22 15:46:33.229 [main] BaseTest - Quitting driver
[INFO ] 2024-05-22 15:46:40.486 [main] BaseTest - Logged in to the website
[INFO ] 2024-05-22 15:46:40.633 [main] DragAndDrop - test for second element to drag And Drop
[INFO ] 2024-05-22 15:46:41.694 [main] BaseTest - Quitting driver
[INFO ] 2024-05-22 16:42:03.396 [main] BaseTest - Logged in to the website
[INFO ] 2024-05-22 16:42:04.127 [main] BaseTest - Quitting driver
[INFO ] 2024-05-22 16:43:02.877 [main] BaseTest - Logged in to the website
[INFO ] 2024-05-22 16:43:03.590 [main] BaseTest - Quitting driver
[INFO ] 2024-05-22 17:00:29.129 [main] BaseTest - Logged in to the website
[INFO ] 2024-05-22 17:00:45.131 [main] BaseTest - Quitting driver
[INFO ] 2024-05-22 17:03:26.149 [main] BaseTest - Logged in to the website
[INFO ] 2024-05-22 17:03:41.954 [main] BaseTest - Quitting driver
[INFO ] 2024-05-22 17:27:46.817 [main] BaseTest - Logged in to the website
[INFO ] 2024-05-22 17:28:02.700 [main] BaseTest - Quitting driver
[INFO ] 2024-05-22 18:15:22.049 [main] BaseTest - Logged in to the website
[INFO ] 2024-05-22 18:15:40.977 [main] BaseTest - Quitting driver
[INFO ] 2024-05-22 18:26:39.012 [main] BaseTest - Logged in to the website
[INFO ] 2024-05-22 18:26:54.967 [main] BaseTest - Quitting driver
[INFO ] 2024-05-22 18:31:19.916 [main] BaseTest - Logged in to the website
[INFO ] 2024-05-22 18:31:35.863 [main] BaseTest - Quitting driver
[INFO ] 2024-05-22 18:33:10.112 [main] BaseTest - Logged in to the website
[INFO ] 2024-05-22 18:33:13.230 [main] BaseTest - Quitting driver
[INFO ] 2024-05-22 18:36:29.725 [main] BaseTest - Logged in to the website
[INFO ] 2024-05-22 18:36:30.215 [main] DragAndDrop - test for second element to drag And Drop
[INFO ] 2024-05-22 18:36:45.824 [main] BaseTest - Quitting driver
[INFO ] 2024-05-22 18:36:50.925 [main] BaseTest - Logged in to the website
[INFO ] 2024-05-22 18:36:51.248 [main] DragAndDrop - test for second element to drag And Drop
[INFO ] 2024-05-22 18:37:07.736 [main] BaseTest - Quitting driver
[INFO ] 2024-05-22 18:37:14.596 [main] BaseTest - Logged in to the website
[INFO ] 2024-05-22 18:37:14.851 [main] DragAndDrop - test for second element to drag And Drop
[INFO ] 2024-05-22 18:37:30.713 [main] BaseTest - Quitting driver
[INFO ] 2024-05-22 18:37:37.246 [main] BaseTest - Logged in to the website
[INFO ] 2024-05-22 18:37:37.542 [main] DragAndDrop - test for first element to  drag And Drop
[INFO ] 2024-05-22 18:37:46.204 [main] BaseTest - Quitting driver
[INFO ] 2024-05-22 18:38:56.935 [main] BaseTest - Logged in to the website
[INFO ] 2024-05-22 18:39:12.684 [main] BaseTest - Quitting driver
[INFO ] 2024-05-23 10:50:01.289 [main] BaseTest - Logged in to the website
[INFO ] 2024-05-23 10:50:17.241 [main] BaseTest - Quitting driver
[INFO ] 2024-05-23 12:57:09.225 [main] BaseTest - Logged in to the website
[INFO ] 2024-05-23 12:57:14.266 [main] BaseTest - Quitting driver
[INFO ] 2024-05-23 12:58:57.880 [main] BaseTest - Logged in to the website
[INFO ] 2024-05-23 12:59:13.807 [main] BaseTest - Quitting driver
[INFO ] 2024-05-23 12:59:20.918 [main] BaseTest - Logged in to the website
[INFO ] 2024-05-23 13:02:30.469 [main] BaseTest - Logged in to the website
[INFO ] 2024-05-23 13:02:32.127 [main] BaseTest - Quitting driver
[INFO ] 2024-05-23 13:02:37.364 [main] BaseTest - Logged in to the website
[INFO ] 2024-05-23 13:02:38.235 [main] BaseTest - Quitting driver
[INFO ] 2024-05-23 13:02:44.283 [main] BaseTest - Logged in to the website
[INFO ] 2024-05-23 13:02:45.817 [main] BaseTest - Quitting driver
[INFO ] 2024-05-23 13:02:50.707 [main] BaseTest - Logged in to the website
[INFO ] 2024-05-23 13:02:52.508 [main] BaseTest - Quitting driver
[INFO ] 2024-05-23 13:02:57.434 [main] BaseTest - Logged in to the website
[INFO ] 2024-05-23 13:02:58.623 [main] BaseTest - Quitting driver
[INFO ] 2024-05-23 13:03:01.333 [main] BaseTest - Logged in to the website
[INFO ] 2024-05-23 13:03:04.117 [main] BaseTest - Quitting driver
[INFO ] 2024-05-23 13:03:12.046 [main] BaseTest - Logged in to the website
[INFO ] 2024-05-23 13:03:12.882 [main] BaseTest - Quitting driver
[INFO ] 2024-05-23 13:03:20.704 [main] BaseTest - Logged in to the website
[INFO ] 2024-05-23 13:03:28.690 [main] BaseTest - Quitting driver
[INFO ] 2024-05-23 13:03:34.449 [main] BaseTest - Logged in to the website
[INFO ] 2024-05-23 13:03:36.049 [main] BaseTest - Quitting driver
[INFO ] 2024-05-23 13:03:42.401 [main] BaseTest - Logged in to the website
[INFO ] 2024-05-23 13:03:43.688 [main] BaseTest - Quitting driver
[INFO ] 2024-05-23 13:05:29.829 [main] BaseTest - Logged in to the website
[INFO ] 2024-05-23 13:05:31.614 [main] BaseTest - Quitting driver
[INFO ] 2024-05-23 13:05:37.063 [main] BaseTest - Logged in to the website
[INFO ] 2024-05-23 13:05:38.345 [main] BaseTest - Quitting driver
[INFO ] 2024-05-23 13:05:43.379 [main] BaseTest - Logged in to the website
[INFO ] 2024-05-23 13:05:44.717 [main] BaseTest - Quitting driver
[INFO ] 2024-05-23 13:05:50.332 [main] BaseTest - Logged in to the website
[INFO ] 2024-05-23 13:05:51.573 [main] BaseTest - Quitting driver
[INFO ] 2024-05-23 13:05:54.264 [main] BaseTest - Logged in to the website
[INFO ] 2024-05-23 13:05:57.268 [main] BaseTest - Quitting driver
[INFO ] 2024-05-23 13:06:01.688 [main] BaseTest - Logged in to the website
[INFO ] 2024-05-23 13:06:02.949 [main] BaseTest - Quitting driver
[INFO ] 2024-05-23 13:08:12.638 [main] BaseTest - Logged in to the website
[INFO ] 2024-05-23 13:08:13.615 [main] BaseTest - Quitting driver
[INFO ] 2024-05-23 13:08:20.342 [main] BaseTest - Logged in to the website
[INFO ] 2024-05-23 13:08:26.519 [main] BaseTest - Quitting driver
[INFO ] 2024-05-23 13:08:30.805 [main] BaseTest - Logged in to the website
[INFO ] 2024-05-23 13:08:34.726 [main] BaseTest - Quitting driver
[INFO ] 2024-05-23 13:18:22.015 [main] BaseTest - Logged in to the website
[INFO ] 2024-05-23 13:18:24.040 [main] BaseTest - Quitting driver
[INFO ] 2024-05-23 13:18:28.664 [main] BaseTest - Logged in to the website
[INFO ] 2024-05-23 13:18:29.559 [main] BaseTest - Quitting driver
[INFO ] 2024-05-23 13:18:33.988 [main] BaseTest - Logged in to the website
[INFO ] 2024-05-23 13:18:41.732 [main] BaseTest - Quitting driver
[INFO ] 2024-05-23 13:18:46.574 [main] BaseTest - Logged in to the website
[INFO ] 2024-05-23 13:18:47.868 [main] BaseTest - Quitting driver
[INFO ] 2024-05-23 13:18:54.502 [main] BaseTest - Logged in to the website
[INFO ] 2024-05-23 13:18:55.892 [main] BaseTest - Quitting driver
[INFO ] 2024-05-23 13:19:02.063 [main] BaseTest - Logged in to the website
[INFO ] 2024-05-23 13:19:03.013 [main] BaseTest - Quitting driver
[INFO ] 2024-05-23 13:19:09.421 [main] BaseTest - Logged in to the website
[INFO ] 2024-05-23 13:19:10.592 [main] BaseTest - Quitting driver
[INFO ] 2024-05-23 13:19:16.575 [main] BaseTest - Logged in to the website
[INFO ] 2024-05-23 13:19:17.642 [main] BaseTest - Quitting driver
[INFO ] 2024-05-23 13:19:22.597 [main] BaseTest - Logged in to the website
[INFO ] 2024-05-23 13:19:23.638 [main] BaseTest - Quitting driver
[INFO ] 2024-05-23 13:19:29.644 [main] BaseTest - Logged in to the website
[INFO ] 2024-05-23 13:19:35.577 [main] BaseTest - Quitting driver
[INFO ] 2024-05-23 13:19:41.412 [main] BaseTest - Logged in to the website
[INFO ] 2024-05-23 13:19:42.917 [main] BaseTest - Quitting driver
[INFO ] 2024-05-23 13:56:08.137 [main] BaseTest - Logged in to the website
[INFO ] 2024-05-23 13:56:08.311 [main] DialogBox - test for dialog Box
[INFO ] 2024-05-23 13:56:18.618 [main] BaseTest - Quitting driver
[INFO ] 2024-05-23 13:56:25.097 [main] BaseTest - Logged in to the website
[INFO ] 2024-05-23 13:56:35.324 [main] AccordionsAndTabs - switched into iframe
[INFO ] 2024-05-23 13:56:35.324 [main] AccordionsAndTabs - test for Accordions
[INFO ] 2024-05-23 13:57:00.488 [main] BaseTest - Quitting driver
[INFO ] 2024-05-23 13:57:05.254 [main] BaseTest - Logged in to the website
[INFO ] 2024-05-23 13:57:05.408 [main] DropDown - test for Dropdown
[INFO ] 2024-05-23 13:57:07.728 [main] DropDown - DropDown option selected
[INFO ] 2024-05-23 13:57:08.729 [main] DropDown - Assertion Applied
[INFO ] 2024-05-23 13:57:08.862 [main] BaseTest - Quitting driver
[INFO ] 2024-05-23 13:57:15.447 [main] BaseTest - Logged in to the website
[INFO ] 2024-05-23 13:57:15.622 [main] ProgressBar - Test for ProgressBar completion
[INFO ] 2024-05-23 13:57:56.329 [main] BaseTest - Quitting driver
[INFO ] 2024-05-23 13:58:01.458 [main] BaseTest - Logged in to the website
[INFO ] 2024-05-23 13:58:01.495 [main] ProgressBar - Test for ProgressBar Button
[INFO ] 2024-05-23 13:58:11.588 [main] ProgressBar - switched into iframe
[INFO ] 2024-05-23 13:58:11.988 [main] BaseTest - Quitting driver
[INFO ] 2024-05-23 13:58:18.529 [main] BaseTest - Logged in to the website
[INFO ] 2024-05-23 13:58:18.565 [main] Slider - test for slider
[INFO ] 2024-05-23 13:58:20.847 [main] BaseTest - Quitting driver
[INFO ] 2024-05-23 13:58:25.085 [main] BaseTest - Logged in to the website
[INFO ] 2024-05-23 13:58:25.136 [main] TabsAndWindows - test for switch to another tab
[INFO ] 2024-05-23 13:58:28.595 [main] BaseTest - Quitting driver
[INFO ] 2024-05-23 13:58:32.364 [main] BaseTest - Logged in to the website
[INFO ] 2024-05-23 13:58:32.422 [main] Tooltip - test for tooltip
[INFO ] 2024-05-23 13:58:35.003 [main] BaseTest - Quitting driver
[INFO ] 2024-05-23 13:58:39.661 [main] BaseTest - Logged in to the website
[INFO ] 2024-05-23 13:58:39.720 [main] SelectElements - test for Multiple element Selection
[INFO ] 2024-05-23 13:58:50.158 [main] BaseTest - Quitting driver
[INFO ] 2024-05-23 13:58:55.134 [main] BaseTest - Logged in to the website
[INFO ] 2024-05-23 13:58:55.290 [main] Spinner - test for Spinner
[INFO ] 2024-05-23 13:58:58.363 [main] BaseTest - Quitting driver
[INFO ] 2024-05-23 13:59:02.997 [main] BaseTest - Logged in to the website
[INFO ] 2024-05-23 13:59:03.121 [main] Sortable - test for Sorting
[INFO ] 2024-05-23 13:59:05.877 [main] BaseTest - Quitting driver
[INFO ] 2024-05-23 13:59:13.424 [main] BaseTest - Logged in to the website
[INFO ] 2024-05-23 13:59:13.559 [main] Toolbar - test for toolbar print button
[INFO ] 2024-05-23 13:59:14.087 [main] BaseTest - Quitting driver
[INFO ] 2024-05-23 13:59:18.278 [main] BaseTest - Logged in to the website
[INFO ] 2024-05-23 13:59:18.316 [main] Toolbar - test for toolbar Redo button
[INFO ] 2024-05-23 13:59:18.820 [main] BaseTest - Quitting driver
[INFO ] 2024-05-23 13:59:23.719 [main] BaseTest - Logged in to the website
[INFO ] 2024-05-23 13:59:23.827 [main] Toolbar - test for toolbar Undo button
[INFO ] 2024-05-23 13:59:24.423 [main] BaseTest - Quitting driver
[INFO ] 2024-05-23 13:59:29.063 [main] BaseTest - Logged in to the website
[INFO ] 2024-05-23 13:59:29.092 [main] Toolbar - test for toolbar zoom dropdown
[INFO ] 2024-05-23 13:59:32.184 [main] BaseTest - Quitting driver
[INFO ] 2024-05-23 13:59:36.929 [main] BaseTest - Logged in to the website
[INFO ] 2024-05-23 13:59:36.970 [main] Datepicker - test for datepicker
[INFO ] 2024-05-23 13:59:45.975 [main] BaseTest - Quitting driver
[INFO ] 2024-05-23 13:59:52.425 [main] BaseTest - Logged in to the website
[INFO ] 2024-05-23 13:59:52.479 [main] DragAndDrop - test for second element to drag And Drop
[INFO ] 2024-05-23 13:59:56.074 [main] BaseTest - Quitting driver
[INFO ] 2024-05-23 13:59:59.985 [main] BaseTest - Logged in to the website
[INFO ] 2024-05-23 14:00:00.024 [main] DragAndDrop - test for second element to drag And Drop
[INFO ] 2024-05-23 14:00:06.236 [main] BaseTest - Quitting driver
[INFO ] 2024-05-23 14:00:10.763 [main] BaseTest - Logged in to the website
[INFO ] 2024-05-23 14:00:10.856 [main] DragAndDrop - test for second element to drag And Drop
[INFO ] 2024-05-23 14:00:12.896 [main] BaseTest - Quitting driver
[INFO ] 2024-05-23 14:00:17.184 [main] BaseTest - Logged in to the website
[INFO ] 2024-05-23 14:00:17.303 [main] DragAndDrop - test for first element to  drag And Drop
[INFO ] 2024-05-23 14:00:19.291 [main] BaseTest - Quitting driver
[INFO ] 2024-05-23 14:00:24.682 [main] BaseTest - Logged in to the website
[INFO ] 2024-05-23 14:00:24.719 [main] DragAndDrop - test for second element to drag And Drop
[INFO ] 2024-05-23 14:00:25.363 [main] BaseTest - Quitting driver
[INFO ] 2024-05-23 14:00:31.335 [main] BaseTest - Logged in to the website
[INFO ] 2024-05-23 14:00:47.938 [main] BaseTest - Quitting driver
[INFO ] 2024-05-23 14:00:52.609 [main] BaseTest - Logged in to the website
[INFO ] 2024-05-23 14:00:53.192 [main] BaseTest - Quitting driver
[INFO ] 2024-05-23 14:00:57.461 [main] BaseTest - Logged in to the website
[INFO ] 2024-05-23 14:00:57.801 [main] BaseTest - Quitting driver
[INFO ] 2024-05-23 14:01:02.169 [main] BaseTest - Logged in to the website
[INFO ] 2024-05-23 14:01:08.618 [main] BaseTest - Quitting driver
[INFO ] 2024-05-23 14:01:13.541 [main] BaseTest - Logged in to the website
[INFO ] 2024-05-23 14:01:13.845 [main] BaseTest - Quitting driver
[INFO ] 2024-05-23 14:01:17.604 [main] BaseTest - Logged in to the website
[INFO ] 2024-05-23 14:01:18.161 [main] BaseTest - Quitting driver
[INFO ] 2024-05-23 14:01:22.155 [main] BaseTest - Logged in to the website
[INFO ] 2024-05-23 14:01:22.411 [main] BaseTest - Quitting driver
[INFO ] 2024-05-23 14:01:25.158 [main] BaseTest - Logged in to the website
[INFO ] 2024-05-23 14:01:27.275 [main] BaseTest - Quitting driver
[INFO ] 2024-05-23 14:01:31.327 [main] BaseTest - Logged in to the website
[INFO ] 2024-05-23 14:01:31.575 [main] BaseTest - Quitting driver
[INFO ] 2024-05-23 14:01:35.446 [main] BaseTest - Logged in to the website
[INFO ] 2024-05-23 14:01:35.763 [main] BaseTest - Quitting driver
[INFO ] 2024-05-23 14:01:39.451 [main] BaseTest - Logged in to the website
[INFO ] 2024-05-23 14:01:44.824 [main] BaseTest - Quitting driver
[INFO ] 2024-05-23 14:01:48.718 [main] BaseTest - Logged in to the website
[INFO ] 2024-05-23 14:01:49.184 [main] BaseTest - Quitting driver
[INFO ] 2024-05-23 16:09:52.093 [main] BaseTest - Logged in to the website
[INFO ] 2024-05-23 16:09:52.394 [main] DialogBox - test for dialog Box
[INFO ] 2024-05-23 16:10:02.601 [main] DialogBox - switched into iframe
[INFO ] 2024-05-23 16:10:03.348 [main] DialogBox - Entered form details
[INFO ] 2024-05-23 16:10:03.674 [main] BaseTest - Quitting driver
[INFO ] 2024-05-23 16:10:08.941 [main] BaseTest - Logged in to the website
[INFO ] 2024-05-23 16:10:19.096 [main] AccordionsAndTabs - switched into iframe
[INFO ] 2024-05-23 16:10:19.096 [main] AccordionsAndTabs - test for Accordions
[INFO ] 2024-05-23 16:10:44.246 [main] BaseTest - Quitting driver
[INFO ] 2024-05-23 16:10:49.097 [main] BaseTest - Logged in to the website
[INFO ] 2024-05-23 16:10:49.194 [main] DropDown - test for Dropdown
[INFO ] 2024-05-23 16:10:51.470 [main] DropDown - DropDown option selected
[INFO ] 2024-05-23 16:10:52.372 [main] DropDown - Assertion Applied
[INFO ] 2024-05-23 16:10:52.493 [main] BaseTest - Quitting driver
[INFO ] 2024-05-23 16:10:57.129 [main] BaseTest - Logged in to the website
[INFO ] 2024-05-23 16:10:57.171 [main] ProgressBar - Test for ProgressBar completion
[INFO ] 2024-05-23 16:11:37.744 [main] BaseTest - Quitting driver
[INFO ] 2024-05-23 16:11:40.254 [main] BaseTest - Logged in to the website
[INFO ] 2024-05-23 16:11:42.279 [main] ProgressBar - Test for ProgressBar Button
[INFO ] 2024-05-23 16:11:52.409 [main] ProgressBar - switched into iframe
[INFO ] 2024-05-23 16:11:52.746 [main] BaseTest - Quitting driver
[INFO ] 2024-05-23 16:11:57.374 [main] BaseTest - Logged in to the website
[INFO ] 2024-05-23 16:11:57.422 [main] Slider - test for slider
[INFO ] 2024-05-23 16:11:59.715 [main] BaseTest - Quitting driver
[INFO ] 2024-05-23 16:12:03.804 [main] BaseTest - Logged in to the website
[INFO ] 2024-05-23 16:12:03.840 [main] TabsAndWindows - test for switch to another tab
[INFO ] 2024-05-23 16:12:08.853 [main] BaseTest - Quitting driver
[INFO ] 2024-05-23 16:12:11.345 [main] BaseTest - Logged in to the website
[INFO ] 2024-05-23 16:12:13.527 [main] Tooltip - test for tooltip
[INFO ] 2024-05-23 16:12:16.077 [main] BaseTest - Quitting driver
[INFO ] 2024-05-23 16:12:20.431 [main] BaseTest - Logged in to the website
[INFO ] 2024-05-23 16:12:20.482 [main] SelectElements - test for Multiple element Selection
[INFO ] 2024-05-23 16:12:30.914 [main] BaseTest - Quitting driver
[INFO ] 2024-05-23 16:12:38.814 [main] BaseTest - Logged in to the website
[INFO ] 2024-05-23 16:12:38.870 [main] Spinner - test for Spinner
[INFO ] 2024-05-23 16:12:42.042 [main] BaseTest - Quitting driver
[INFO ] 2024-05-23 16:12:47.329 [main] BaseTest - Logged in to the website
[INFO ] 2024-05-23 16:12:47.365 [main] Sortable - test for Sorting
[INFO ] 2024-05-23 16:12:49.567 [main] BaseTest - Quitting driver
[INFO ] 2024-05-23 16:12:53.981 [main] BaseTest - Logged in to the website
[INFO ] 2024-05-23 16:12:54.022 [main] Toolbar - test for toolbar print button
[INFO ] 2024-05-23 16:12:54.556 [main] BaseTest - Quitting driver
[INFO ] 2024-05-23 16:12:58.178 [main] BaseTest - Logged in to the website
[INFO ] 2024-05-23 16:12:58.215 [main] Toolbar - test for toolbar Redo button
[INFO ] 2024-05-23 16:12:59.480 [main] BaseTest - Quitting driver
[INFO ] 2024-05-23 16:13:04.012 [main] BaseTest - Logged in to the website
[INFO ] 2024-05-23 16:13:04.048 [main] Toolbar - test for toolbar Undo button
[INFO ] 2024-05-23 16:13:04.525 [main] BaseTest - Quitting driver
[INFO ] 2024-05-23 16:13:09.165 [main] BaseTest - Logged in to the website
[INFO ] 2024-05-23 16:13:09.198 [main] Toolbar - test for toolbar zoom dropdown
[INFO ] 2024-05-23 16:13:13.504 [main] BaseTest - Quitting driver
[INFO ] 2024-05-23 16:13:17.951 [main] BaseTest - Logged in to the website
[INFO ] 2024-05-23 16:13:17.981 [main] Datepicker - test for datepicker
[INFO ] 2024-05-23 16:13:26.967 [main] BaseTest - Quitting driver
[INFO ] 2024-05-23 16:13:31.440 [main] BaseTest - Logged in to the website
[INFO ] 2024-05-23 16:13:31.487 [main] DragAndDrop - test for second element to drag And Drop
[INFO ] 2024-05-23 16:13:36.394 [main] BaseTest - Quitting driver
[INFO ] 2024-05-23 16:13:41.636 [main] BaseTest - Logged in to the website
[INFO ] 2024-05-23 16:13:41.667 [main] DragAndDrop - test for second element to drag And Drop
[INFO ] 2024-05-23 16:13:42.328 [main] BaseTest - Quitting driver
[INFO ] 2024-05-23 16:13:47.084 [main] BaseTest - Logged in to the website
[INFO ] 2024-05-23 16:13:47.112 [main] DragAndDrop - test for second element to drag And Drop
[INFO ] 2024-05-23 16:13:47.745 [main] BaseTest - Quitting driver
[INFO ] 2024-05-23 16:13:53.548 [main] BaseTest - Logged in to the website
[INFO ] 2024-05-23 16:13:53.580 [main] DragAndDrop - test for first element to  drag And Drop
[INFO ] 2024-05-23 16:13:54.232 [main] BaseTest - Quitting driver
[INFO ] 2024-05-23 16:13:59.171 [main] BaseTest - Logged in to the website
[INFO ] 2024-05-23 16:13:59.194 [main] DragAndDrop - test for second element to drag And Drop
[INFO ] 2024-05-23 16:13:59.863 [main] BaseTest - Quitting driver
[INFO ] 2024-05-23 16:14:04.095 [main] BaseTest - Logged in to the website
[INFO ] 2024-05-23 16:14:19.307 [main] BaseTest - Quitting driver
[INFO ] 2024-05-23 16:14:23.588 [main] BaseTest - Logged in to the website
[INFO ] 2024-05-23 16:14:24.124 [main] BaseTest - Quitting driver
[INFO ] 2024-05-23 16:14:27.819 [main] BaseTest - Logged in to the website
[INFO ] 2024-05-23 16:14:28.158 [main] BaseTest - Quitting driver
[INFO ] 2024-05-23 16:14:32.360 [main] BaseTest - Logged in to the website
[INFO ] 2024-05-23 16:14:39.153 [main] BaseTest - Quitting driver
[INFO ] 2024-05-23 16:14:43.021 [main] BaseTest - Logged in to the website
[INFO ] 2024-05-23 16:14:43.263 [main] BaseTest - Quitting driver
[INFO ] 2024-05-23 16:14:47.229 [main] BaseTest - Logged in to the website
[INFO ] 2024-05-23 16:14:47.745 [main] BaseTest - Quitting driver
[INFO ] 2024-05-23 16:14:52.557 [main] BaseTest - Logged in to the website
[INFO ] 2024-05-23 16:14:52.890 [main] BaseTest - Quitting driver
[INFO ] 2024-05-23 16:14:57.624 [main] BaseTest - Logged in to the website
[INFO ] 2024-05-23 16:14:58.447 [main] BaseTest - Quitting driver
[INFO ] 2024-05-23 16:15:02.357 [main] BaseTest - Logged in to the website
[INFO ] 2024-05-23 16:15:03.125 [main] BaseTest - Quitting driver
[INFO ] 2024-05-23 16:15:07.532 [main] BaseTest - Logged in to the website
[INFO ] 2024-05-23 16:15:07.830 [main] BaseTest - Quitting driver
[INFO ] 2024-05-23 16:15:11.695 [main] BaseTest - Logged in to the website
[INFO ] 2024-05-23 16:15:16.925 [main] BaseTest - Quitting driver
[INFO ] 2024-05-23 16:15:21.033 [main] BaseTest - Logged in to the website
[INFO ] 2024-05-23 16:15:21.727 [main] BaseTest - Quitting driver
[INFO ] 2024-05-23 16:53:50.377 [main] BaseTest - Logged in to the website
[INFO ] 2024-05-23 16:53:50.688 [main] Sortable - test for Sorting
[INFO ] 2024-05-23 16:53:53.275 [main] BaseTest - Quitting driver
[INFO ] 2024-05-23 16:59:52.468 [main] BaseTest - Logged in to the website
[INFO ] 2024-05-23 16:59:52.562 [main] DialogBox - test for dialog Box
[INFO ] 2024-05-23 17:00:02.700 [main] DialogBox - switched into iframe
[INFO ] 2024-05-23 17:00:03.419 [main] DialogBox - Entered form details
[INFO ] 2024-05-23 17:00:03.554 [main] BaseTest - Quitting driver
[INFO ] 2024-05-23 17:00:08.104 [main] BaseTest - Logged in to the website
[INFO ] 2024-05-23 17:00:08.215 [main] DropDown - test for Dropdown
[INFO ] 2024-05-23 17:00:10.437 [main] DropDown - DropDown option selected
[INFO ] 2024-05-23 17:00:11.377 [main] DropDown - Assertion Applied
[INFO ] 2024-05-23 17:00:11.491 [main] BaseTest - Quitting driver
[INFO ] 2024-05-23 17:00:17.493 [main] BaseTest - Logged in to the website
[INFO ] 2024-05-23 17:00:17.525 [main] ProgressBar - Test for ProgressBar Button
[INFO ] 2024-05-23 17:00:27.689 [main] ProgressBar - switched into iframe
[INFO ] 2024-05-23 17:00:28.046 [main] BaseTest - Quitting driver
[INFO ] 2024-05-23 17:00:33.813 [main] BaseTest - Logged in to the website
[INFO ] 2024-05-23 17:00:33.846 [main] Slider - test for slider
[INFO ] 2024-05-23 17:00:36.130 [main] BaseTest - Quitting driver
[INFO ] 2024-05-23 17:00:41.442 [main] BaseTest - Logged in to the website
[INFO ] 2024-05-23 17:00:41.482 [main] TabsAndWindows - test for switch to another tab
[INFO ] 2024-05-23 17:00:45.060 [main] BaseTest - Quitting driver
[INFO ] 2024-05-23 17:00:52.040 [main] BaseTest - Logged in to the website
[INFO ] 2024-05-23 17:00:52.075 [main] Tooltip - test for tooltip
[INFO ] 2024-05-23 17:00:54.688 [main] BaseTest - Quitting driver
[INFO ] 2024-05-23 17:00:59.500 [main] BaseTest - Logged in to the website
[INFO ] 2024-05-23 17:00:59.551 [main] SelectElements - test for Multiple element Selection
[INFO ] 2024-05-23 17:01:10.033 [main] BaseTest - Quitting driver
[INFO ] 2024-05-23 17:01:15.280 [main] BaseTest - Logged in to the website
[INFO ] 2024-05-23 17:01:15.324 [main] Spinner - test for Spinner
[INFO ] 2024-05-23 17:01:18.386 [main] BaseTest - Quitting driver
[INFO ] 2024-05-23 17:01:24.574 [main] BaseTest - Logged in to the website
[INFO ] 2024-05-23 17:01:24.608 [main] Datepicker - test for datepicker
[INFO ] 2024-05-23 17:01:33.666 [main] BaseTest - Quitting driver
[INFO ] 2024-05-23 17:01:39.419 [main] BaseTest - Logged in to the website
[INFO ] 2024-05-23 17:01:39.459 [main] DragAndDrop - test for second element to drag And Drop
[INFO ] 2024-05-23 17:01:40.076 [main] BaseTest - Quitting driver
[INFO ] 2024-05-23 17:01:44.062 [main] BaseTest - Logged in to the website
[INFO ] 2024-05-23 17:01:44.153 [main] DragAndDrop - test for second element to drag And Drop
[INFO ] 2024-05-23 17:01:46.041 [main] BaseTest - Quitting driver
[INFO ] 2024-05-23 17:01:51.252 [main] BaseTest - Logged in to the website
[INFO ] 2024-05-23 17:01:51.283 [main] DragAndDrop - test for first element to  drag And Drop
[INFO ] 2024-05-23 17:01:52.002 [main] BaseTest - Quitting driver
[INFO ] 2024-05-23 17:02:04.725 [main] BaseTest - Logged in to the website
[INFO ] 2024-05-23 17:02:04.754 [main] DragAndDrop - test for second element to drag And Drop
[INFO ] 2024-05-23 17:02:05.371 [main] BaseTest - Quitting driver
[INFO ] 2024-05-23 17:02:09.816 [main] BaseTest - Logged in to the website
[INFO ] 2024-05-23 17:02:10.269 [main] BaseTest - Quitting driver
[INFO ] 2024-05-23 17:02:15.857 [main] BaseTest - Logged in to the website
[INFO ] 2024-05-23 17:02:16.146 [main] BaseTest - Quitting driver
[INFO ] 2024-05-23 17:02:19.972 [main] BaseTest - Logged in to the website
[INFO ] 2024-05-23 17:02:21.401 [main] BaseTest - Quitting driver
[INFO ] 2024-05-23 17:02:25.545 [main] BaseTest - Logged in to the website
[INFO ] 2024-05-23 17:02:25.790 [main] BaseTest - Quitting driver
[INFO ] 2024-05-23 17:02:29.553 [main] BaseTest - Logged in to the website
[INFO ] 2024-05-23 17:02:30.090 [main] BaseTest - Quitting driver
[INFO ] 2024-05-23 17:02:34.610 [main] BaseTest - Logged in to the website
[INFO ] 2024-05-23 17:02:34.858 [main] BaseTest - Quitting driver
[INFO ] 2024-05-23 17:02:38.442 [main] BaseTest - Logged in to the website
[INFO ] 2024-05-23 17:02:39.108 [main] BaseTest - Quitting driver
[INFO ] 2024-05-23 17:02:42.833 [main] BaseTest - Logged in to the website
[INFO ] 2024-05-23 17:02:43.060 [main] BaseTest - Quitting driver
[INFO ] 2024-05-23 17:02:46.973 [main] BaseTest - Logged in to the website
[INFO ] 2024-05-23 17:02:47.371 [main] BaseTest - Quitting driver
[INFO ] 2024-05-23 17:02:51.475 [main] BaseTest - Logged in to the website
[INFO ] 2024-05-23 17:02:52.007 [main] BaseTest - Quitting driver
[INFO ] 2024-05-23 18:47:39.072 [main] BaseTest - Logged in to the website
[INFO ] 2024-05-23 18:47:39.367 [main] Toolbar - test for toolbar print button
[INFO ] 2024-05-23 18:47:50.140 [main] BaseTest - Quitting driver
[INFO ] 2024-05-23 18:47:56.421 [main] BaseTest - Logged in to the website
[INFO ] 2024-05-23 18:47:56.812 [main] Toolbar - test for toolbar Redo button
[INFO ] 2024-05-23 18:48:02.434 [main] BaseTest - Quitting driver
[INFO ] 2024-05-23 18:48:34.681 [main] BaseTest - Logged in to the website
[INFO ] 2024-05-23 18:48:35.082 [main] Toolbar - test for toolbar print button
[INFO ] 2024-05-23 18:48:36.677 [main] BaseTest - Quitting driver
[INFO ] 2024-05-23 18:48:42.056 [main] BaseTest - Logged in to the website
[INFO ] 2024-05-23 18:48:42.318 [main] Toolbar - test for toolbar Redo button
[INFO ] 2024-05-23 18:48:43.664 [main] BaseTest - Quitting driver
[INFO ] 2024-05-23 18:48:49.528 [main] BaseTest - Logged in to the website
[INFO ] 2024-05-23 18:48:49.684 [main] Toolbar - test for toolbar Undo button
[INFO ] 2024-05-23 18:48:50.749 [main] BaseTest - Quitting driver
[INFO ] 2024-05-23 18:48:58.505 [main] BaseTest - Logged in to the website
[INFO ] 2024-05-23 18:48:58.661 [main] Toolbar - test for toolbar zoom dropdown
[INFO ] 2024-05-23 18:49:02.008 [main] BaseTest - Quitting driver
[INFO ] 2024-05-23 18:50:24.878 [main] BaseTest - Logged in to the website
[INFO ] 2024-05-23 18:50:25.315 [main] DialogBox - test for dialog Box
[INFO ] 2024-05-23 18:51:08.241 [main] BaseTest - Logged in to the website
[INFO ] 2024-05-23 18:51:08.327 [main] Toolbar - test for toolbar print button
[INFO ] 2024-05-23 18:51:23.597 [main] BaseTest - Quitting driver
[INFO ] 2024-05-23 18:51:30.243 [main] BaseTest - Logged in to the website
[INFO ] 2024-05-23 18:51:30.276 [main] Toolbar - test for toolbar Redo button
[INFO ] 2024-05-23 18:51:45.422 [main] BaseTest - Quitting driver
[INFO ] 2024-05-23 18:51:53.218 [main] BaseTest - Logged in to the website
[INFO ] 2024-05-23 18:51:53.259 [main] Toolbar - test for toolbar Undo button
[INFO ] 2024-05-23 18:52:08.440 [main] BaseTest - Quitting driver
[INFO ] 2024-05-23 18:52:13.741 [main] BaseTest - Logged in to the website
[INFO ] 2024-05-23 18:52:13.768 [main] Toolbar - test for toolbar zoom dropdown
[INFO ] 2024-05-23 18:52:28.977 [main] BaseTest - Quitting driver
[INFO ] 2024-05-23 18:52:57.853 [main] BaseTest - Logged in to the website
[INFO ] 2024-05-23 18:52:58.046 [main] DialogBox - test for dialog Box
[INFO ] 2024-05-23 18:53:08.165 [main] DialogBox - switched into iframe
[INFO ] 2024-05-23 18:53:08.823 [main] DialogBox - Entered form details
[INFO ] 2024-05-23 18:53:08.969 [main] BaseTest - Quitting driver
[INFO ] 2024-05-23 18:53:14.009 [main] BaseTest - Logged in to the website
[INFO ] 2024-05-23 18:53:14.055 [main] DropDown - test for Dropdown
[INFO ] 2024-05-23 18:53:16.319 [main] DropDown - DropDown option selected
[INFO ] 2024-05-23 18:53:17.212 [main] DropDown - Assertion Applied
[INFO ] 2024-05-23 18:53:17.335 [main] BaseTest - Quitting driver
[INFO ] 2024-05-23 18:53:27.344 [main] BaseTest - Logged in to the website
[INFO ] 2024-05-23 18:53:27.388 [main] ProgressBar - Test for ProgressBar Button
[INFO ] 2024-05-23 18:53:37.489 [main] ProgressBar - switched into iframe
[INFO ] 2024-05-23 18:53:38.139 [main] BaseTest - Quitting driver
[INFO ] 2024-05-23 18:53:41.966 [main] BaseTest - Logged in to the website
[INFO ] 2024-05-23 18:53:44.609 [main] Slider - test for slider
[INFO ] 2024-05-23 18:53:46.838 [main] BaseTest - Quitting driver
[INFO ] 2024-05-23 18:53:51.674 [main] BaseTest - Logged in to the website
[INFO ] 2024-05-23 18:53:51.705 [main] TabsAndWindows - test for switch to another tab
[INFO ] 2024-05-23 18:53:56.357 [main] BaseTest - Quitting driver
[INFO ] 2024-05-23 18:54:04.453 [main] BaseTest - Logged in to the website
[INFO ] 2024-05-23 18:54:04.486 [main] Tooltip - test for tooltip
[INFO ] 2024-05-23 18:54:07.128 [main] BaseTest - Quitting driver
[INFO ] 2024-05-23 18:54:12.872 [main] BaseTest - Logged in to the website
[INFO ] 2024-05-23 18:54:12.922 [main] Spinner - test for Spinner
[INFO ] 2024-05-23 18:54:17.074 [main] BaseTest - Quitting driver
[INFO ] 2024-05-23 18:54:22.408 [main] BaseTest - Logged in to the website
[INFO ] 2024-05-23 18:54:22.446 [main] Toolbar - test for toolbar print button
[INFO ] 2024-05-23 18:54:22.958 [main] BaseTest - Quitting driver
[INFO ] 2024-05-23 18:54:28.784 [main] BaseTest - Logged in to the website
[INFO ] 2024-05-23 18:54:28.821 [main] Toolbar - test for toolbar Redo button
[INFO ] 2024-05-23 18:54:29.310 [main] BaseTest - Quitting driver
[INFO ] 2024-05-23 18:54:34.312 [main] BaseTest - Logged in to the website
[INFO ] 2024-05-23 18:54:34.342 [main] Toolbar - test for toolbar Undo button
[INFO ] 2024-05-23 18:54:34.815 [main] BaseTest - Quitting driver
[INFO ] 2024-05-23 18:54:40.368 [main] BaseTest - Logged in to the website
[INFO ] 2024-05-23 18:54:40.398 [main] Toolbar - test for toolbar zoom dropdown
[INFO ] 2024-05-23 18:54:44.397 [main] BaseTest - Quitting driver
[INFO ] 2024-05-23 18:54:49.156 [main] BaseTest - Logged in to the website
[INFO ] 2024-05-23 18:54:49.191 [main] Datepicker - test for datepicker
[INFO ] 2024-05-23 18:54:58.287 [main] BaseTest - Quitting driver
[INFO ] 2024-05-23 18:55:03.923 [main] BaseTest - Logged in to the website
[INFO ] 2024-05-23 18:55:03.971 [main] DragAndDrop - test for second element to drag And Drop
[INFO ] 2024-05-23 18:55:04.697 [main] BaseTest - Quitting driver
[INFO ] 2024-05-23 18:55:10.007 [main] BaseTest - Logged in to the website
[INFO ] 2024-05-23 18:55:10.044 [main] DragAndDrop - test for second element to drag And Drop
[INFO ] 2024-05-23 18:55:10.720 [main] BaseTest - Quitting driver
[INFO ] 2024-05-23 18:55:15.885 [main] BaseTest - Logged in to the website
[INFO ] 2024-05-23 18:55:15.911 [main] DragAndDrop - test for first element to  drag And Drop
[INFO ] 2024-05-23 18:55:16.536 [main] BaseTest - Quitting driver
[INFO ] 2024-05-23 18:55:21.552 [main] BaseTest - Logged in to the website
[INFO ] 2024-05-23 18:55:21.580 [main] DragAndDrop - test for second element to drag And Drop
[INFO ] 2024-05-23 18:55:22.224 [main] BaseTest - Quitting driver
[INFO ] 2024-05-23 18:55:25.533 [main] BaseTest - Logged in to the website
[INFO ] 2024-05-23 18:55:26.101 [main] BaseTest - Quitting driver
[INFO ] 2024-05-23 18:55:31.403 [main] BaseTest - Logged in to the website
[INFO ] 2024-05-23 18:55:31.986 [main] BaseTest - Quitting driver
[INFO ] 2024-05-23 18:55:36.134 [main] BaseTest - Logged in to the website
[INFO ] 2024-05-23 18:55:37.713 [main] BaseTest - Quitting driver
[INFO ] 2024-05-23 18:55:42.079 [main] BaseTest - Logged in to the website
[INFO ] 2024-05-23 18:55:42.325 [main] BaseTest - Quitting driver
[INFO ] 2024-05-23 18:55:46.551 [main] BaseTest - Logged in to the website
[INFO ] 2024-05-23 18:55:47.028 [main] BaseTest - Quitting driver
[INFO ] 2024-05-23 18:55:51.029 [main] BaseTest - Logged in to the website
[INFO ] 2024-05-23 18:55:51.284 [main] BaseTest - Quitting driver
[INFO ] 2024-05-23 18:55:54.806 [main] BaseTest - Logged in to the website
[INFO ] 2024-05-23 18:55:55.272 [main] BaseTest - Quitting driver
[INFO ] 2024-05-23 18:55:59.214 [main] BaseTest - Logged in to the website
[INFO ] 2024-05-23 18:55:59.463 [main] BaseTest - Quitting driver
[INFO ] 2024-05-23 18:56:03.366 [main] BaseTest - Logged in to the website
[INFO ] 2024-05-23 18:56:03.652 [main] BaseTest - Quitting driver
[INFO ] 2024-05-23 18:56:08.076 [main] BaseTest - Logged in to the website
[INFO ] 2024-05-23 18:56:08.534 [main] BaseTest - Quitting driver
